GROUP,PACKAGE,CLASS,INSTRUCTION_MISSED,INSTRUCTION_COVERED,BRANCH_MISSED,BRANCH_COVERED,LINE_MISSED,LINE_COVERED,COMPLEXITY_MISSED,COMPLEXITY_COVERED,METHOD_MISSED,METHOD_COVERED
authService,cl.duoc.libroDigital.authService.service.impl,AdminUserServiceImpl,22,151,7,17,3,33,8,8,1,3
authService,cl.duoc.libroDigital.authService.service.impl,AuthServiceImpl,12,155,1,3,1,39,3,11,2,10
authService,cl.duoc.libroDigital.authService.exception,GlobalExceptionHandler,0,30,0,0,0,9,0,3,0,3
authService,cl.duoc.libroDigital.authService.util,JwtUtil,1,94,1,1,1,29,1,6,0,6
authService,cl.duoc.libroDigital.authService.util,BCryptGenerator,19,0,0,0,6,0,2,0,2,0
authService,cl.duoc.libroDigital.authService.controller,AdminUserController,4,157,2,6,1,43,2,13,0,11
authService,cl.duoc.libroDigital.authService.controller,AuthController,0,28,0,0,0,7,0,5,0,5
