{"total": {"lines":{"total":2941,"covered":183,"skipped":0,"pct":6.22},"statements":{"total":3251,"covered":194,"skipped":0,"pct":5.96},"functions":{"total":895,"covered":49,"skipped":0,"pct":5.47},"branches":{"total":2979,"covered":104,"skipped":0,"pct":3.49},"branchesTrue":{"total":0,"covered":0,"skipped":0,"pct":100}}
,"D:\\Duoc\\2026\\Fullsatck III\\caso semestral\\Libro digital -EV2\\frontend-react\\src\\Annotations.tsx": {"lines":{"total":133,"covered":0,"skipped":0,"pct":0},"functions":{"total":38,"covered":0,"skipped":0,"pct":0},"statements":{"total":147,"covered":0,"skipped":0,"pct":0},"branches":{"total":117,"covered":0,"skipped":0,"pct":0}}
,"D:\\Duoc\\2026\\Fullsatck III\\caso semestral\\Libro digital -EV2\\frontend-react\\src\\App.tsx": {"lines":{"total":50,"covered":0,"skipped":0,"pct":0},"functions":{"total":27,"covered":0,"skipped":0,"pct":0},"statements":{"total":70,"covered":0,"skipped":0,"pct":0},"branches":{"total":89,"covered":0,"skipped":0,"pct":0}}
,"D:\\Duoc\\2026\\Fullsatck III\\caso semestral\\Libro digital -EV2\\frontend-react\\src\\Attendance.tsx": {"lines":{"total":198,"covered":0,"skipped":0,"pct":0},"functions":{"total":58,"covered":0,"skipped":0,"pct":0},"statements":{"total":215,"covered":0,"skipped":0,"pct":0},"branches":{"total":174,"covered":0,"skipped":0,"pct":0}}
,"D:\\Duoc\\2026\\Fullsatck III\\caso semestral\\Libro digital -EV2\\frontend-react\\src\\Courses.tsx": {"lines":{"total":144,"covered":0,"skipped":0,"pct":0},"functions":{"total":34,"covered":0,"skipped":0,"pct":0},"statements":{"total":158,"covered":0,"skipped":0,"pct":0},"branches":{"total":131,"covered":0,"skipped":0,"pct":0}}
,"D:\\Duoc\\2026\\Fullsatck III\\caso semestral\\Libro digital -EV2\\frontend-react\\src\\Enrollments.tsx": {"lines":{"total":165,"covered":0,"skipped":0,"pct":0},"functions":{"total":47,"covered":0,"skipped":0,"pct":0},"statements":{"total":177,"covered":0,"skipped":0,"pct":0},"branches":{"total":151,"covered":0,"skipped":0,"pct":0}}
,"D:\\Duoc\\2026\\Fullsatck III\\caso semestral\\Libro digital -EV2\\frontend-react\\src\\Evaluations.tsx": {"lines":{"total":188,"covered":0,"skipped":0,"pct":0},"functions":{"total":48,"covered":0,"skipped":0,"pct":0},"statements":{"total":209,"covered":0,"skipped":0,"pct":0},"branches":{"total":224,"covered":0,"skipped":0,"pct":0}}
,"D:\\Duoc\\2026\\Fullsatck III\\caso semestral\\Libro digital -EV2\\frontend-react\\src\\Grades.tsx": {"lines":{"total":283,"covered":0,"skipped":0,"pct":0},"functions":{"total":92,"covered":0,"skipped":0,"pct":0},"statements":{"total":317,"covered":0,"skipped":0,"pct":0},"branches":{"total":337,"covered":0,"skipped":0,"pct":0}}
,"D:\\Duoc\\2026\\Fullsatck III\\caso semestral\\Libro digital -EV2\\frontend-react\\src\\Guardians.tsx": {"lines":{"total":118,"covered":0,"skipped":0,"pct":0},"functions":{"total":29,"covered":0,"skipped":0,"pct":0},"statements":{"total":126,"covered":0,"skipped":0,"pct":0},"branches":{"total":127,"covered":0,"skipped":0,"pct":0}}
,"D:\\Duoc\\2026\\Fullsatck III\\caso semestral\\Libro digital -EV2\\frontend-react\\src\\Login.tsx": {"lines":{"total":26,"covered":24,"skipped":0,"pct":92.3},"functions":{"total":6,"covered":5,"skipped":0,"pct":83.33},"statements":{"total":26,"covered":24,"skipped":0,"pct":92.3},"branches":{"total":14,"covered":9,"skipped":0,"pct":64.28}}
,"D:\\Duoc\\2026\\Fullsatck III\\caso semestral\\Libro digital -EV2\\frontend-react\\src\\MyStudents.tsx": {"lines":{"total":18,"covered":0,"skipped":0,"pct":0},"functions":{"total":8,"covered":0,"skipped":0,"pct":0},"statements":{"total":20,"covered":0,"skipped":0,"pct":0},"branches":{"total":30,"covered":0,"skipped":0,"pct":0}}
,"D:\\Duoc\\2026\\Fullsatck III\\caso semestral\\Libro digital -EV2\\frontend-react\\src\\Students.tsx": {"lines":{"total":214,"covered":0,"skipped":0,"pct":0},"functions":{"total":52,"covered":0,"skipped":0,"pct":0},"statements":{"total":227,"covered":0,"skipped":0,"pct":0},"branches":{"total":206,"covered":0,"skipped":0,"pct":0}}
,"D:\\Duoc\\2026\\Fullsatck III\\caso semestral\\Libro digital -EV2\\frontend-react\\src\\Subjects.tsx": {"lines":{"total":156,"covered":0,"skipped":0,"pct":0},"functions":{"total":38,"covered":0,"skipped":0,"pct":0},"statements":{"total":168,"covered":0,"skipped":0,"pct":0},"branches":{"total":137,"covered":0,"skipped":0,"pct":0}}
,"D:\\Duoc\\2026\\Fullsatck III\\caso semestral\\Libro digital -EV2\\frontend-react\\src\\Teachers.tsx": {"lines":{"total":144,"covered":0,"skipped":0,"pct":0},"functions":{"total":67,"covered":0,"skipped":0,"pct":0},"statements":{"total":167,"covered":0,"skipped":0,"pct":0},"branches":{"total":142,"covered":0,"skipped":0,"pct":0}}
,"D:\\Duoc\\2026\\Fullsatck III\\caso semestral\\Libro digital -EV2\\frontend-react\\src\\api\\adminUsers.ts": {"lines":{"total":12,"covered":0,"skipped":0,"pct":0},"functions":{"total":3,"covered":0,"skipped":0,"pct":0},"statements":{"total":13,"covered":0,"skipped":0,"pct":0},"branches":{"total":7,"covered":0,"skipped":0,"pct":0}}
,"D:\\Duoc\\2026\\Fullsatck III\\caso semestral\\Libro digital -EV2\\frontend-react\\src\\api\\annotations.ts": {"lines":{"total":24,"covered":0,"skipped":0,"pct":0},"functions":{"total":7,"covered":0,"skipped":0,"pct":0},"statements":{"total":29,"covered":0,"skipped":0,"pct":0},"branches":{"total":14,"covered":0,"skipped":0,"pct":0}}
,"D:\\Duoc\\2026\\Fullsatck III\\caso semestral\\Libro digital -EV2\\frontend-react\\src\\api\\attendances.ts": {"lines":{"total":19,"covered":0,"skipped":0,"pct":0},"functions":{"total":5,"covered":0,"skipped":0,"pct":0},"statements":{"total":23,"covered":0,"skipped":0,"pct":0},"branches":{"total":10,"covered":0,"skipped":0,"pct":0}}
,"D:\\Duoc\\2026\\Fullsatck III\\caso semestral\\Libro digital -EV2\\frontend-react\\src\\api\\auth.ts": {"lines":{"total":18,"covered":0,"skipped":0,"pct":0},"functions":{"total":3,"covered":0,"skipped":0,"pct":0},"statements":{"total":19,"covered":0,"skipped":0,"pct":0},"branches":{"total":14,"covered":0,"skipped":0,"pct":0}}
,"D:\\Duoc\\2026\\Fullsatck III\\caso semestral\\Libro digital -EV2\\frontend-react\\src\\api\\client.ts": {"lines":{"total":9,"covered":9,"skipped":0,"pct":100},"functions":{"total":3,"covered":3,"skipped":0,"pct":100},"statements":{"total":9,"covered":9,"skipped":0,"pct":100},"branches":{"total":6,"covered":5,"skipped":0,"pct":83.33}}
,"D:\\Duoc\\2026\\Fullsatck III\\caso semestral\\Libro digital -EV2\\frontend-react\\src\\api\\courses.ts": {"lines":{"total":47,"covered":0,"skipped":0,"pct":0},"functions":{"total":8,"covered":0,"skipped":0,"pct":0},"statements":{"total":51,"covered":0,"skipped":0,"pct":0},"branches":{"total":32,"covered":0,"skipped":0,"pct":0}}
,"D:\\Duoc\\2026\\Fullsatck III\\caso semestral\\Libro digital -EV2\\frontend-react\\src\\api\\enrollments.ts": {"lines":{"total":53,"covered":0,"skipped":0,"pct":0},"functions":{"total":10,"covered":0,"skipped":0,"pct":0},"statements":{"total":58,"covered":0,"skipped":0,"pct":0},"branches":{"total":36,"covered":0,"skipped":0,"pct":0}}
,"D:\\Duoc\\2026\\Fullsatck III\\caso semestral\\Libro digital -EV2\\frontend-react\\src\\api\\evaluations.ts": {"lines":{"total":21,"covered":0,"skipped":0,"pct":0},"functions":{"total":5,"covered":0,"skipped":0,"pct":0},"statements":{"total":21,"covered":0,"skipped":0,"pct":0},"branches":{"total":8,"covered":0,"skipped":0,"pct":0}}
,"D:\\Duoc\\2026\\Fullsatck III\\caso semestral\\Libro digital -EV2\\frontend-react\\src\\api\\grades.ts": {"lines":{"total":32,"covered":0,"skipped":0,"pct":0},"functions":{"total":8,"covered":0,"skipped":0,"pct":0},"statements":{"total":34,"covered":0,"skipped":0,"pct":0},"branches":{"total":16,"covered":0,"skipped":0,"pct":0}}
,"D:\\Duoc\\2026\\Fullsatck III\\caso semestral\\Libro digital -EV2\\frontend-react\\src\\api\\guardians.ts": {"lines":{"total":36,"covered":0,"skipped":0,"pct":0},"functions":{"total":10,"covered":0,"skipped":0,"pct":0},"statements":{"total":40,"covered":0,"skipped":0,"pct":0},"branches":{"total":22,"covered":0,"skipped":0,"pct":0}}
,"D:\\Duoc\\2026\\Fullsatck III\\caso semestral\\Libro digital -EV2\\frontend-react\\src\\api\\sessions.ts": {"lines":{"total":14,"covered":0,"skipped":0,"pct":0},"functions":{"total":4,"covered":0,"skipped":0,"pct":0},"statements":{"total":17,"covered":0,"skipped":0,"pct":0},"branches":{"total":8,"covered":0,"skipped":0,"pct":0}}
,"D:\\Duoc\\2026\\Fullsatck III\\caso semestral\\Libro digital -EV2\\frontend-react\\src\\api\\students.ts": {"lines":{"total":32,"covered":0,"skipped":0,"pct":0},"functions":{"total":10,"covered":0,"skipped":0,"pct":0},"statements":{"total":37,"covered":0,"skipped":0,"pct":0},"branches":{"total":22,"covered":0,"skipped":0,"pct":0}}
,"D:\\Duoc\\2026\\Fullsatck III\\caso semestral\\Libro digital -EV2\\frontend-react\\src\\api\\subjects.ts": {"lines":{"total":47,"covered":0,"skipped":0,"pct":0},"functions":{"total":8,"covered":0,"skipped":0,"pct":0},"statements":{"total":51,"covered":0,"skipped":0,"pct":0},"branches":{"total":32,"covered":0,"skipped":0,"pct":0}}
,"D:\\Duoc\\2026\\Fullsatck III\\caso semestral\\Libro digital -EV2\\frontend-react\\src\\api\\teachers.ts": {"lines":{"total":35,"covered":0,"skipped":0,"pct":0},"functions":{"total":8,"covered":0,"skipped":0,"pct":0},"statements":{"total":37,"covered":0,"skipped":0,"pct":0},"branches":{"total":70,"covered":0,"skipped":0,"pct":0}}
,"D:\\Duoc\\2026\\Fullsatck III\\caso semestral\\Libro digital -EV2\\frontend-react\\src\\auth\\AuthContext.tsx": {"lines":{"total":35,"covered":30,"skipped":0,"pct":85.71},"functions":{"total":15,"covered":11,"skipped":0,"pct":73.33},"statements":{"total":37,"covered":32,"skipped":0,"pct":86.48},"branches":{"total":14,"covered":9,"skipped":0,"pct":64.28}}
,"D:\\Duoc\\2026\\Fullsatck III\\caso semestral\\Libro digital -EV2\\frontend-react\\src\\auth\\permissions.ts": {"lines":{"total":49,"covered":46,"skipped":0,"pct":93.87},"functions":{"total":15,"covered":12,"skipped":0,"pct":80},"statements":{"total":49,"covered":46,"skipped":0,"pct":93.87},"branches":{"total":26,"covered":23,"skipped":0,"pct":88.46}}
,"D:\\Duoc\\2026\\Fullsatck III\\caso semestral\\Libro digital -EV2\\frontend-react\\src\\components\\FormModal.tsx": {"lines":{"total":11,"covered":0,"skipped":0,"pct":0},"functions":{"total":7,"covered":0,"skipped":0,"pct":0},"statements":{"total":13,"covered":0,"skipped":0,"pct":0},"branches":{"total":28,"covered":0,"skipped":0,"pct":0}}
,"D:\\Duoc\\2026\\Fullsatck III\\caso semestral\\Libro digital -EV2\\frontend-react\\src\\components\\ModuleHelpBanner.tsx": {"lines":{"total":1,"covered":0,"skipped":0,"pct":0},"functions":{"total":1,"covered":0,"skipped":0,"pct":0},"statements":{"total":1,"covered":0,"skipped":0,"pct":0},"branches":{"total":0,"covered":0,"skipped":0,"pct":100}}
,"D:\\Duoc\\2026\\Fullsatck III\\caso semestral\\Libro digital -EV2\\frontend-react\\src\\components\\ModuleLayout.tsx": {"lines":{"total":4,"covered":0,"skipped":0,"pct":0},"functions":{"total":4,"covered":0,"skipped":0,"pct":0},"statements":{"total":4,"covered":0,"skipped":0,"pct":0},"branches":{"total":17,"covered":0,"skipped":0,"pct":0}}
,"D:\\Duoc\\2026\\Fullsatck III\\caso semestral\\Libro digital -EV2\\frontend-react\\src\\components\\PortalAccessSection.tsx": {"lines":{"total":15,"covered":0,"skipped":0,"pct":0},"functions":{"total":6,"covered":0,"skipped":0,"pct":0},"statements":{"total":15,"covered":0,"skipped":0,"pct":0},"branches":{"total":10,"covered":0,"skipped":0,"pct":0}}
,"D:\\Duoc\\2026\\Fullsatck III\\caso semestral\\Libro digital -EV2\\frontend-react\\src\\components\\RecordActions.tsx": {"lines":{"total":12,"covered":0,"skipped":0,"pct":0},"functions":{"total":5,"covered":0,"skipped":0,"pct":0},"statements":{"total":12,"covered":0,"skipped":0,"pct":0},"branches":{"total":30,"covered":0,"skipped":0,"pct":0}}
,"D:\\Duoc\\2026\\Fullsatck III\\caso semestral\\Libro digital -EV2\\frontend-react\\src\\components\\TeacherContextBar.tsx": {"lines":{"total":1,"covered":0,"skipped":0,"pct":0},"functions":{"total":1,"covered":0,"skipped":0,"pct":0},"statements":{"total":1,"covered":0,"skipped":0,"pct":0},"branches":{"total":7,"covered":0,"skipped":0,"pct":0}}
,"D:\\Duoc\\2026\\Fullsatck III\\caso semestral\\Libro digital -EV2\\frontend-react\\src\\components\\TeacherCoursePicker.tsx": {"lines":{"total":5,"covered":0,"skipped":0,"pct":0},"functions":{"total":5,"covered":0,"skipped":0,"pct":0},"statements":{"total":5,"covered":0,"skipped":0,"pct":0},"branches":{"total":9,"covered":0,"skipped":0,"pct":0}}
,"D:\\Duoc\\2026\\Fullsatck III\\caso semestral\\Libro digital -EV2\\frontend-react\\src\\components\\TeacherCourseRequired.tsx": {"lines":{"total":1,"covered":0,"skipped":0,"pct":0},"functions":{"total":1,"covered":0,"skipped":0,"pct":0},"statements":{"total":1,"covered":0,"skipped":0,"pct":0},"branches":{"total":0,"covered":0,"skipped":0,"pct":100}}
,"D:\\Duoc\\2026\\Fullsatck III\\caso semestral\\Libro digital -EV2\\frontend-react\\src\\components\\TeacherWorkloadModal.tsx": {"lines":{"total":30,"covered":0,"skipped":0,"pct":0},"functions":{"total":15,"covered":0,"skipped":0,"pct":0},"statements":{"total":36,"covered":0,"skipped":0,"pct":0},"branches":{"total":45,"covered":0,"skipped":0,"pct":0}}
,"D:\\Duoc\\2026\\Fullsatck III\\caso semestral\\Libro digital -EV2\\frontend-react\\src\\components\\ViewDetailModal.tsx": {"lines":{"total":19,"covered":0,"skipped":0,"pct":0},"functions":{"total":7,"covered":0,"skipped":0,"pct":0},"statements":{"total":23,"covered":0,"skipped":0,"pct":0},"branches":{"total":31,"covered":0,"skipped":0,"pct":0}}
,"D:\\Duoc\\2026\\Fullsatck III\\caso semestral\\Libro digital -EV2\\frontend-react\\src\\constants\\teacherCatalogOptions.ts": {"lines":{"total":7,"covered":0,"skipped":0,"pct":0},"functions":{"total":2,"covered":0,"skipped":0,"pct":0},"statements":{"total":8,"covered":0,"skipped":0,"pct":0},"branches":{"total":7,"covered":0,"skipped":0,"pct":0}}
,"D:\\Duoc\\2026\\Fullsatck III\\caso semestral\\Libro digital -EV2\\frontend-react\\src\\family\\FamilyAnnotations.tsx": {"lines":{"total":37,"covered":0,"skipped":0,"pct":0},"functions":{"total":17,"covered":0,"skipped":0,"pct":0},"statements":{"total":40,"covered":0,"skipped":0,"pct":0},"branches":{"total":62,"covered":0,"skipped":0,"pct":0}}
,"D:\\Duoc\\2026\\Fullsatck III\\caso semestral\\Libro digital -EV2\\frontend-react\\src\\family\\FamilyAttendance.tsx": {"lines":{"total":37,"covered":0,"skipped":0,"pct":0},"functions":{"total":17,"covered":0,"skipped":0,"pct":0},"statements":{"total":40,"covered":0,"skipped":0,"pct":0},"branches":{"total":55,"covered":0,"skipped":0,"pct":0}}
,"D:\\Duoc\\2026\\Fullsatck III\\caso semestral\\Libro digital -EV2\\frontend-react\\src\\family\\FamilyGrades.tsx": {"lines":{"total":51,"covered":0,"skipped":0,"pct":0},"functions":{"total":23,"covered":0,"skipped":0,"pct":0},"statements":{"total":54,"covered":0,"skipped":0,"pct":0},"branches":{"total":73,"covered":0,"skipped":0,"pct":0}}
,"D:\\Duoc\\2026\\Fullsatck III\\caso semestral\\Libro digital -EV2\\frontend-react\\src\\family\\FamilyStudentContext.tsx": {"lines":{"total":52,"covered":0,"skipped":0,"pct":0},"functions":{"total":12,"covered":0,"skipped":0,"pct":0},"statements":{"total":55,"covered":0,"skipped":0,"pct":0},"branches":{"total":34,"covered":0,"skipped":0,"pct":0}}
,"D:\\Duoc\\2026\\Fullsatck III\\caso semestral\\Libro digital -EV2\\frontend-react\\src\\family\\FamilyStudentContextBar.tsx": {"lines":{"total":1,"covered":0,"skipped":0,"pct":0},"functions":{"total":1,"covered":0,"skipped":0,"pct":0},"statements":{"total":1,"covered":0,"skipped":0,"pct":0},"branches":{"total":2,"covered":0,"skipped":0,"pct":0}}
,"D:\\Duoc\\2026\\Fullsatck III\\caso semestral\\Libro digital -EV2\\frontend-react\\src\\family\\FamilyStudentPicker.tsx": {"lines":{"total":9,"covered":0,"skipped":0,"pct":0},"functions":{"total":4,"covered":0,"skipped":0,"pct":0},"statements":{"total":10,"covered":0,"skipped":0,"pct":0},"branches":{"total":10,"covered":0,"skipped":0,"pct":0}}
,"D:\\Duoc\\2026\\Fullsatck III\\caso semestral\\Libro digital -EV2\\frontend-react\\src\\family\\MyChildren.tsx": {"lines":{"total":44,"covered":0,"skipped":0,"pct":0},"functions":{"total":22,"covered":0,"skipped":0,"pct":0},"statements":{"total":49,"covered":0,"skipped":0,"pct":0},"branches":{"total":60,"covered":0,"skipped":0,"pct":0}}
,"D:\\Duoc\\2026\\Fullsatck III\\caso semestral\\Libro digital -EV2\\frontend-react\\src\\family\\MyCourse.tsx": {"lines":{"total":37,"covered":0,"skipped":0,"pct":0},"functions":{"total":18,"covered":0,"skipped":0,"pct":0},"statements":{"total":40,"covered":0,"skipped":0,"pct":0},"branches":{"total":63,"covered":0,"skipped":0,"pct":0}}
,"D:\\Duoc\\2026\\Fullsatck III\\caso semestral\\Libro digital -EV2\\frontend-react\\src\\teacher\\TeacherCourseContext.tsx": {"lines":{"total":96,"covered":0,"skipped":0,"pct":0},"functions":{"total":31,"covered":0,"skipped":0,"pct":0},"statements":{"total":108,"covered":0,"skipped":0,"pct":0},"branches":{"total":61,"covered":0,"skipped":0,"pct":0}}
,"D:\\Duoc\\2026\\Fullsatck III\\caso semestral\\Libro digital -EV2\\frontend-react\\src\\theme\\moduleThemes.ts": {"lines":{"total":1,"covered":0,"skipped":0,"pct":0},"functions":{"total":0,"covered":0,"skipped":0,"pct":100},"statements":{"total":1,"covered":0,"skipped":0,"pct":0},"branches":{"total":0,"covered":0,"skipped":0,"pct":100}}
,"D:\\Duoc\\2026\\Fullsatck III\\caso semestral\\Libro digital -EV2\\frontend-react\\src\\utils\\formatAttendanceSession.ts": {"lines":{"total":15,"covered":0,"skipped":0,"pct":0},"functions":{"total":4,"covered":0,"skipped":0,"pct":0},"statements":{"total":21,"covered":0,"skipped":0,"pct":0},"branches":{"total":18,"covered":0,"skipped":0,"pct":0}}
,"D:\\Duoc\\2026\\Fullsatck III\\caso semestral\\Libro digital -EV2\\frontend-react\\src\\utils\\formatCourseLabel.ts": {"lines":{"total":10,"covered":0,"skipped":0,"pct":0},"functions":{"total":1,"covered":0,"skipped":0,"pct":0},"statements":{"total":11,"covered":0,"skipped":0,"pct":0},"branches":{"total":23,"covered":0,"skipped":0,"pct":0}}
,"D:\\Duoc\\2026\\Fullsatck III\\caso semestral\\Libro digital -EV2\\frontend-react\\src\\utils\\formatRut.ts": {"lines":{"total":32,"covered":31,"skipped":0,"pct":96.87},"functions":{"total":5,"covered":5,"skipped":0,"pct":100},"statements":{"total":40,"covered":35,"skipped":0,"pct":87.5},"branches":{"total":22,"covered":15,"skipped":0,"pct":68.18}}
,"D:\\Duoc\\2026\\Fullsatck III\\caso semestral\\Libro digital -EV2\\frontend-react\\src\\utils\\formatStudentFullName.ts": {"lines":{"total":3,"covered":3,"skipped":0,"pct":100},"functions":{"total":2,"covered":2,"skipped":0,"pct":100},"statements":{"total":3,"covered":3,"skipped":0,"pct":100},"branches":{"total":0,"covered":0,"skipped":0,"pct":100}}
,"D:\\Duoc\\2026\\Fullsatck III\\caso semestral\\Libro digital -EV2\\frontend-react\\src\\utils\\provisionPortalAccess.ts": {"lines":{"total":34,"covered":0,"skipped":0,"pct":0},"functions":{"total":3,"covered":0,"skipped":0,"pct":0},"statements":{"total":34,"covered":0,"skipped":0,"pct":0},"branches":{"total":30,"covered":0,"skipped":0,"pct":0}}
,"D:\\Duoc\\2026\\Fullsatck III\\caso semestral\\Libro digital -EV2\\frontend-react\\src\\utils\\sortByEnrollmentNumber.ts": {"lines":{"total":14,"covered":0,"skipped":0,"pct":0},"functions":{"total":4,"covered":0,"skipped":0,"pct":0},"statements":{"total":20,"covered":0,"skipped":0,"pct":0},"branches":{"total":14,"covered":0,"skipped":0,"pct":0}}
,"D:\\Duoc\\2026\\Fullsatck III\\caso semestral\\Libro digital -EV2\\frontend-react\\src\\utils\\sortById.ts": {"lines":{"total":1,"covered":1,"skipped":0,"pct":100},"functions":{"total":2,"covered":2,"skipped":0,"pct":100},"statements":{"total":2,"covered":2,"skipped":0,"pct":100},"branches":{"total":0,"covered":0,"skipped":0,"pct":100}}
,"D:\\Duoc\\2026\\Fullsatck III\\caso semestral\\Libro digital -EV2\\frontend-react\\src\\utils\\validateDate.ts": {"lines":{"total":20,"covered":19,"skipped":0,"pct":95},"functions":{"total":4,"covered":4,"skipped":0,"pct":100},"statements":{"total":25,"covered":21,"skipped":0,"pct":84},"branches":{"total":26,"covered":22,"skipped":0,"pct":84.61}}
,"D:\\Duoc\\2026\\Fullsatck III\\caso semestral\\Libro digital -EV2\\frontend-react\\src\\utils\\validateEmail.ts": {"lines":{"total":7,"covered":7,"skipped":0,"pct":100},"functions":{"total":2,"covered":2,"skipped":0,"pct":100},"statements":{"total":10,"covered":8,"skipped":0,"pct":80},"branches":{"total":6,"covered":4,"skipped":0,"pct":66.66}}
,"D:\\Duoc\\2026\\Fullsatck III\\caso semestral\\Libro digital -EV2\\frontend-react\\src\\utils\\validatePhone.ts": {"lines":{"total":14,"covered":13,"skipped":0,"pct":92.85},"functions":{"total":3,"covered":3,"skipped":0,"pct":100},"statements":{"total":16,"covered":14,"skipped":0,"pct":87.5},"branches":{"total":20,"covered":17,"skipped":0,"pct":85}}
}
